生成启动时间为 2013/12/8 18:15:21。
     1>项目“E:\memset\memset\memset.vcxproj”在节点 2 上(build 个目标)。
     1>InitializeBuildStatus:
         正在创建“Debug\memset.unsuccessfulbuild”，因为已指定“AlwaysCreate”。
       ClCompile:
         C:\Program Files\Microsoft Visual Studio 10.0\VC\bin\CL.exe /c /ZI /nologo /W3 /WX- /Od /Oy- /D WIN32 /D _DEBUG /D _CONSOLE /D _UNICODE /D UNICODE /Gm /EHsc /RTC1 /MDd /GS /fp:precise /Zc:wchar_t /Zc:forScope /Fo"Debug\\" /Fd"Debug\vc100.pdb" /Gd /TP /analyze- /errorReport:prompt memset.cpp
         memset.cpp
       ManifestResourceCompile:
         所有输出均为最新。
       Link:
         C:\Program Files\Microsoft Visual Studio 10.0\VC\bin\link.exe /ERRORREPORT:PROMPT /OUT:"E:\memset\Debug\memset.exe" /INCREMENTAL /NOLOGO kernel32.lib user32.lib gdi32.lib winspool.lib comdlg32.lib advapi32.lib shell32.lib ole32.lib oleaut32.lib uuid.lib odbc32.lib odbccp32.lib /MANIFEST /ManifestFile:"Debug\memset.exe.intermediate.manifest" /MANIFESTUAC:"level='asInvoker' uiAccess='false'" /DEBUG /PDB:"E:\memset\Debug\memset.pdb" /SUBSYSTEM:CONSOLE /TLBID:1 /DYNAMICBASE /NXCOMPAT /IMPLIB:"E:\memset\Debug\memset.lib" /MACHINE:X86 Debug\memset.exe.embed.manifest.res
         Debug\memset.obj
         LINK : 没有找到 E:\memset\Debug\memset.exe 或上一个增量链接没有生成它；正在执行完全链接
       Manifest:
         C:\Program Files\Microsoft SDKs\Windows\v7.0A\bin\mt.exe /nologo /verbose /out:"Debug\memset.exe.embed.manifest" /manifest Debug\memset.exe.intermediate.manifest
         所有输出均为最新。
       LinkEmbedManifest:
         所有输出均为最新。
         memset.vcxproj -> E:\memset\Debug\memset.exe
       FinalizeBuildStatus:
         正在删除文件“Debug\memset.unsuccessfulbuild”。
         正在对“Debug\memset.lastbuildstate”执行 Touch 任务。
     1>已完成生成项目“E:\memset\memset\memset.vcxproj”(build 个目标)的操作。

生成成功。

已用时间 00:00:04.15
